<?xml version="1.0" encoding="UTF-8"?>
<testng-results total="2" passed="2" failed="0" skipped="0">
  <reporter-output>
  </reporter-output>
  <suite started-at="2020-07-28T10:18:25Z" name="Suite" finished-at="2020-07-28T10:18:38Z" duration-ms="12634">
    <groups>
    </groups>
    <test started-at="2020-07-28T10:18:25Z" name="Test" finished-at="2020-07-28T10:18:38Z" duration-ms="12634">
      <class name="qa.tests.LandingPageTest">
        <test-method is-config="true" signature="setUp()[pri:0, instance:qa.tests.LandingPageTest@45385f75]" started-at="2020-07-28T15:48:25Z" name="setUp" finished-at="2020-07-28T15:48:37Z" duration-ms="12140" status="PASS">
          <reporter-output>
          </reporter-output>
        </test-method> <!-- setUp -->
        <test-method signature="testTitle()[pri:0, instance:qa.tests.LandingPageTest@45385f75]" started-at="2020-07-28T15:48:37Z" name="testTitle" finished-at="2020-07-28T15:48:37Z" duration-ms="15" status="PASS">
          <reporter-output>
          </reporter-output>
        </test-method> <!-- testTitle -->
        <test-method signature="getIndiaSuggestion()[pri:0, instance:qa.tests.LandingPageTest@45385f75]" started-at="2020-07-28T15:48:37Z" name="getIndiaSuggestion" finished-at="2020-07-28T15:48:38Z" duration-ms="465" status="PASS">
          <reporter-output>
          </reporter-output>
        </test-method> <!-- getIndiaSuggestion -->
      </class> <!-- qa.tests.LandingPageTest -->
    </test> <!-- Test -->
  </suite> <!-- Suite -->
</testng-results>
