<?xml version="1.0" encoding="UTF-8"?>
<testng-results total="2" passed="2" failed="0" skipped="0">
  <reporter-output>
  </reporter-output>
  <suite started-at="2020-07-28T10:48:31Z" name="Suite" finished-at="2020-07-28T10:48:43Z" duration-ms="11396">
    <groups>
    </groups>
    <test started-at="2020-07-28T10:48:31Z" name="Test" finished-at="2020-07-28T10:48:43Z" duration-ms="11396">
      <class name="qa.tests.LandingPageTest">
        <test-method is-config="true" signature="bs()[pri:0, instance:qa.tests.LandingPageTest@26df6e3a]" started-at="2020-07-28T16:18:31Z" name="bs" finished-at="2020-07-28T16:18:31Z" duration-ms="512" status="PASS">
          <reporter-output>
          </reporter-output>
        </test-method> <!-- bs -->
        <test-method is-config="true" signature="setUp()[pri:0, instance:qa.tests.LandingPageTest@26df6e3a]" started-at="2020-07-28T16:18:31Z" name="setUp" finished-at="2020-07-28T16:18:42Z" duration-ms="10962" status="PASS">
          <reporter-output>
          </reporter-output>
        </test-method> <!-- setUp -->
        <test-method signature="testTitle()[pri:0, instance:qa.tests.LandingPageTest@26df6e3a]" started-at="2020-07-28T16:18:42Z" name="testTitle" finished-at="2020-07-28T16:18:42Z" duration-ms="12" status="PASS">
          <reporter-output>
          </reporter-output>
        </test-method> <!-- testTitle -->
        <test-method signature="getIndiaSuggestion()[pri:0, instance:qa.tests.LandingPageTest@26df6e3a]" started-at="2020-07-28T16:18:42Z" name="getIndiaSuggestion" finished-at="2020-07-28T16:18:43Z" duration-ms="404" status="PASS">
          <reporter-output>
          </reporter-output>
        </test-method> <!-- getIndiaSuggestion -->
      </class> <!-- qa.tests.LandingPageTest -->
    </test> <!-- Test -->
  </suite> <!-- Suite -->
</testng-results>
